Build started 2016/9/28 21:10:40.
     1>Project "G:\kalman_learning\my_ekf\kalman-1.3\kalman\samples\Example\Example.vcxproj" on node 2 (Build target(s)).
     1>ClCompile:
         F:\software-windows\VC\bin\CL.exe /c /I./Src /I../../ /I./Src\poliot /I./Src\math /I../Example /ZI /nologo /W3 /WX- /Od /Oy- /D WIN32 /D _DEBUG /D _CONSOLE /D _VC80_UPGRADE=0x0600 /D _MBCS /Gm /EHsc /RTC1 /MTd /GS /Gy- /fp:precise /Zc:wchar_t /Zc:forScope /Fo".\Debug\\" /Fd".\Debug\vc120.pdb" /Gd /TP /analyze- /errorReport:prompt Src\poliot\imu.cpp Src\poliot\parameter.cpp data.cpp schedu.cpp
         imu.cpp
     1>g:\kalman_learning\my_ekf\kalman-1.3\kalman\samples\example\src\poliot\imu.h(48): warning C4305: '=' : truncation from 'double' to 'float'
     1>g:\kalman_learning\my_ekf\kalman-1.3\kalman\samples\example\src\poliot\imu.h(49): warning C4305: '=' : truncation from 'double' to 'float'
         Generating Code...
         Skipping... (no relevant changes detected)
         schedu.cpp
         data.cpp
         parameter.cpp
       Link:
         F:\software-windows\VC\bin\link.exe /ERRORREPORT:PROMPT /OUT:".\Debug\Example.exe" /INCREMENTAL /NOLOGO odbc32.lib odbccp32.lib kernel32.lib user32.lib gdi32.lib winspool.lib comdlg32.lib advapi32.lib shell32.lib ole32.lib oleaut32.lib uuid.lib odbc32.lib odbccp32.lib /MANIFEST /MANIFESTUAC:"level='asInvoker' uiAccess='false'" /manifest:embed /DEBUG /PDB:".\Debug\Example.pdb" /SUBSYSTEM:CONSOLE /TLBID:1 /DYNAMICBASE /NXCOMPAT /IMPLIB:".\Debug\Example.lib" /MACHINE:X86 /SAFESEH .\Debug\kstatics.obj
         .\Debug\csv.obj
         .\Debug\data.obj
         .\Debug\main.obj
         .\Debug\plane.obj
         .\Debug\schedu.obj
         .\Debug\AHRS.obj
         .\Debug\magnet.obj
         .\Debug\filter.obj
         .\Debug\matrix3.obj
         .\Debug\quaternion.obj
         .\Debug\vector3.obj
         .\Debug\mymath.obj
         .\Debug\imu.obj
         .\Debug\parameter.obj
         Example.vcxproj -> G:\kalman_learning\my_ekf\kalman-1.3\kalman\samples\Example\.\Debug\Example.exe
     1>Done Building Project "G:\kalman_learning\my_ekf\kalman-1.3\kalman\samples\Example\Example.vcxproj" (Build target(s)).

Build succeeded.

Time Elapsed 00:00:00.77
